# JRE version: OpenJDK Runtime Environment (15.0+36) (build 15+36-1562)
# Java VM: OpenJDK 64-Bit Server VM (15+36-1562, mixed mode, sharing, tiered, compressed oops, g1 gc, linux-amd64)
GC Precious Log:
 CPUs: 2 total, 2 available
 Memory: 11873M
 Large Page Support: Disabled
 NUMA Support: Disabled
 Compressed Oops: Enabled (Zero based)
 Heap Region Size: 2M
 Heap Min Capacity: 8M
 Heap Initial Capacity: 186M
 Heap Max Capacity: 2970M
 Pre-touch: Disabled
 Parallel Workers: 2
 Concurrent Workers: 1
 Concurrent Refinement Workers: 2
 Periodic GC: Disabled
Heap:
 garbage-first heap   total 73728K, used 53063K [0x0000000746600000, 0x0000000800000000)
  region size 2048K, 19 young (38912K), 2 survivors (4096K)
 Metaspace       used 46085K, capacity 46449K, committed 47232K, reserved 1091584K
  class space    used 5801K, capacity 5923K, committed 6016K, reserved 1048576K
GC Heap History (19 events):
Event: 1,617 GC heap before
{Heap before GC invocations=0 (full 0):
 garbage-first heap   total 194560K, used 7992K [0x0000000746600000, 0x0000000800000000)
  region size 2048K, 4 young (8192K), 0 survivors (0K)
 Metaspace       used 1437K, capacity 4933K, committed 5120K, reserved 1056768K
  class space    used 131K, capacity 427K, committed 512K, reserved 1048576K
}
Event: 1,639 GC heap after
{Heap after GC invocations=1 (full 0):
 garbage-first heap   total 194560K, used 5964K [0x0000000746600000, 0x0000000800000000)
  region size 2048K, 1 young (2048K), 1 survivors (2048K)
 Metaspace       used 1437K, capacity 4933K, committed 5120K, reserved 1056768K
  class space    used 131K, capacity 427K, committed 512K, reserved 1048576K
}
Event: 2,519 GC heap before
{Heap before GC invocations=1 (full 0):
 garbage-first heap   total 194560K, used 12108K [0x0000000746600000, 0x0000000800000000)
  region size 2048K, 4 young (8192K), 1 survivors (2048K)
 Metaspace       used 3158K, capacity 5850K, committed 6016K, reserved 1056768K
  class space    used 309K, capacity 562K, committed 640K, reserved 1048576K
}
Event: 2,528 GC heap after
{Heap after GC invocations=2 (full 0):
 garbage-first heap   total 194560K, used 6381K [0x0000000746600000, 0x0000000800000000)
  region size 2048K, 1 young (2048K), 1 survivors (2048K)
 Metaspace       used 3158K, capacity 5850K, committed 6016K, reserved 1056768K
  class space    used 309K, capacity 562K, committed 640K, reserved 1048576K
}
Event: 3,496 GC heap before
{Heap before GC invocations=2 (full 0):
 garbage-first heap   total 194560K, used 16621K [0x0000000746600000, 0x0000000800000000)
  region size 2048K, 6 young (12288K), 1 survivors (2048K)
 Metaspace       used 5304K, capacity 7212K, committed 7552K, reserved 1056768K
  class space    used 581K, capacity 760K, committed 896K, reserved 1048576K
}
Event: 3,503 GC heap after
{Heap after GC invocations=3 (full 0):
 garbage-first heap   total 194560K, used 6860K [0x0000000746600000, 0x0000000800000000)
  region size 2048K, 1 young (2048K), 1 survivors (2048K)
 Metaspace       used 5304K, capacity 7212K, committed 7552K, reserved 1056768K
  class space    used 581K, capacity 760K, committed 896K, reserved 1048576K
}
Event: 8,977 GC heap before
{Heap before GC invocations=3 (full 0):
 garbage-first heap   total 194560K, used 90828K [0x0000000746600000, 0x0000000800000000)
  region size 2048K, 43 young (88064K), 1 survivors (2048K)
 Metaspace       used 19985K, capacity 20261K, committed 20608K, reserved 1067008K
  class space    used 2292K, capacity 2376K, committed 2432K, reserved 1048576K
}
Event: 9,023 GC heap after
{Heap after GC invocations=4 (full 0):
 garbage-first heap   total 194560K, used 10494K [0x0000000746600000, 0x0000000800000000)
  region size 2048K, 3 young (6144K), 3 survivors (6144K)
 Metaspace       used 19985K, capacity 20261K, committed 20608K, reserved 1067008K
  class space    used 2292K, capacity 2376K, committed 2432K, reserved 1048576K
}
Event: 9,364 GC heap before
{Heap before GC invocations=4 (full 0):
 garbage-first heap   total 194560K, used 14590K [0x0000000746600000, 0x0000000800000000)
  region size 2048K, 6 young (12288K), 3 survivors (6144K)
 Metaspace       used 20570K, capacity 20808K, committed 21248K, reserved 1069056K
  class space    used 2364K, capacity 2451K, committed 2560K, reserved 1048576K
}
Event: 9,415 GC heap after
{Heap after GC invocations=5 (full 0):
 garbage-first heap   total 194560K, used 10486K [0x0000000746600000, 0x0000000800000000)
  region size 2048K, 3 young (6144K), 3 survivors (6144K)
 Metaspace       used 20570K, capacity 20808K, committed 21248K, reserved 1069056K
  class space    used 2364K, capacity 2451K, committed 2560K, reserved 1048576K
}
Event: 12,531 GC heap before
{Heap before GC invocations=6 (full 0):
 garbage-first heap   total 61440K, used 41206K [0x0000000746600000, 0x0000000800000000)
  region size 2048K, 18 young (36864K), 3 survivors (6144K)
 Metaspace       used 24548K, capacity 24836K, committed 25344K, reserved 1071104K
  class space    used 2866K, capacity 2955K, committed 3072K, reserved 1048576K
}
Event: 12,602 GC heap after
{Heap after GC invocations=7 (full 0):
 garbage-first heap   total 73728K, used 11813K [0x0000000746600000, 0x0000000800000000)
  region size 2048K, 1 young (2048K), 1 survivors (2048K)
 Metaspace       used 24548K, capacity 24836K, committed 25344K, reserved 1071104K
  class space    used 2866K, capacity 2955K, committed 3072K, reserved 1048576K
}
Event: 15,648 GC heap before
{Heap before GC invocations=7 (full 0):
 garbage-first heap   total 73728K, used 50725K [0x0000000746600000, 0x0000000800000000)
  region size 2048K, 20 young (40960K), 1 survivors (2048K)
 Metaspace       used 32471K, capacity 32780K, committed 33664K, reserved 1079296K
  class space    used 3982K, capacity 4085K, committed 4224K, reserved 1048576K
}
Event: 15,674 GC heap after
{Heap after GC invocations=8 (full 0):
 garbage-first heap   total 73728K, used 14328K [0x0000000746600000, 0x0000000800000000)
  region size 2048K, 3 young (6144K), 3 survivors (6144K)
 Metaspace       used 32471K, capacity 32780K, committed 33664K, reserved 1079296K
  class space    used 3982K, capacity 4085K, committed 4224K, reserved 1048576K
}
Event: 16,003 GC heap before
{Heap before GC invocations=8 (full 0):
 garbage-first heap   total 73728K, used 24568K [0x0000000746600000, 0x0000000800000000)
  region size 2048K, 9 young (18432K), 3 survivors (6144K)
 Metaspace       used 34855K, capacity 35148K, committed 35840K, reserved 1081344K
  class space    used 4304K, capacity 4405K, committed 4480K, reserved 1048576K
}
Event: 16,029 GC heap after
{Heap after GC invocations=9 (full 0):
 garbage-first heap   total 73728K, used 15372K [0x0000000746600000, 0x0000000800000000)
  region size 2048K, 2 young (4096K), 2 survivors (4096K)
 Metaspace       used 34855K, capacity 35148K, committed 35840K, reserved 1081344K
  class space    used 4304K, capacity 4405K, committed 4480K, reserved 1048576K
}
Event: 17,320 GC heap before
{Heap before GC invocations=10 (full 0):
 garbage-first heap   total 73728K, used 52236K [0x0000000746600000, 0x0000000800000000)
  region size 2048K, 20 young (40960K), 2 survivors (4096K)
 Metaspace       used 40379K, capacity 40735K, committed 41344K, reserved 1085440K
  class space    used 5092K, capacity 5220K, committed 5248K, reserved 1048576K
}
Event: 17,372 GC heap after
{Heap after GC invocations=11 (full 0):
 garbage-first heap   total 73728K, used 18247K [0x0000000746600000, 0x0000000800000000)
  region size 2048K, 2 young (4096K), 2 survivors (4096K)
 Metaspace       used 40379K, capacity 40735K, committed 41344K, reserved 1085440K
  class space    used 5092K, capacity 5220K, committed 5248K, reserved 1048576K
}
Event: 81,507 GC heap before
{Heap before GC invocations=11 (full 0):
 garbage-first heap   total 73728K, used 51015K [0x0000000746600000, 0x0000000800000000)
  region size 2048K, 19 young (38912K), 2 survivors (4096K)
 Metaspace       used 46085K, capacity 46449K, committed 47232K, reserved 1091584K
  class space    used 5801K, capacity 5923K, committed 6016K, reserved 1048576K
}

